<?xml version="1.0" encoding="UTF-8"?>
<testsuite name="com.oleksii.calculator.CalculatorTest" tests="1" skipped="0" failures="0" errors="0" timestamp="2021-10-24T00:42:18" hostname="FVFYK2GMHV2H" time="0.028">
  <properties/>
  <testcase name="testSum()" classname="com.oleksii.calculator.CalculatorTest" time="0.028"/>
  <system-out><![CDATA[]]></system-out>
  <system-err><![CDATA[]]></system-err>
</testsuite>
